# JRE version: OpenJDK Runtime Environment Temurin-17.0.16+8 (17.0.16+8) (build 17.0.16+8)
# Java VM: OpenJDK 64-Bit Server VM Temurin-17.0.16+8 (17.0.16+8, mixed mode, sharing, tiered, compressed oops, compressed class ptrs, g1 gc, windows-amd64)
GC Precious Log:
 CPUs: 20 total, 20 available
 Memory: 16197M
 Large Page Support: Disabled
 NUMA Support: Disabled
 Compressed Oops: Enabled (Zero based)
 Heap Region Size: 4M
 Heap Min Capacity: 8M
 Heap Initial Capacity: 256M
 Heap Max Capacity: 8G
 Pre-touch: Disabled
 Parallel Workers: 15
 Concurrent Workers: 4
 Concurrent Refinement Workers: 15
 Periodic GC: Disabled
Heap:
 garbage-first heap   total 258048K, used 113813K [0x0000000600000000, 0x0000000800000000)
  region size 4096K, 17 young (69632K), 3 survivors (12288K)
 Metaspace       used 46974K, committed 47552K, reserved 1114112K
  class space    used 6214K, committed 6464K, reserved 1048576K
GC Heap History (20 events):
Event: 8.197 GC heap before
{Heap before GC invocations=16 (full 0):
 garbage-first heap   total 208896K, used 163970K [0x0000000600000000, 0x0000000800000000)
  region size 4096K, 28 young (114688K), 1 survivors (4096K)
 Metaspace       used 46879K, committed 47424K, reserved 1114112K
  class space    used 6199K, committed 6464K, reserved 1048576K
}
Event: 8.201 GC heap after
{Heap after GC invocations=17 (full 0):
 garbage-first heap   total 208896K, used 53430K [0x0000000600000000, 0x0000000800000000)
  region size 4096K, 1 young (4096K), 1 survivors (4096K)
 Metaspace       used 46879K, committed 47424K, reserved 1114112K
  class space    used 6199K, committed 6464K, reserved 1048576K
}
Event: 8.810 GC heap before
{Heap before GC invocations=17 (full 0):
 garbage-first heap   total 208896K, used 168118K [0x0000000600000000, 0x0000000800000000)
  region size 4096K, 29 young (118784K), 1 survivors (4096K)
 Metaspace       used 46882K, committed 47424K, reserved 1114112K
  class space    used 6199K, committed 6464K, reserved 1048576K
}
Event: 8.813 GC heap after
{Heap after GC invocations=18 (full 0):
 garbage-first heap   total 258048K, used 53693K [0x0000000600000000, 0x0000000800000000)
  region size 4096K, 1 young (4096K), 1 survivors (4096K)
 Metaspace       used 46882K, committed 47424K, reserved 1114112K
  class space    used 6199K, committed 6464K, reserved 1048576K
}
Event: 9.388 GC heap before
{Heap before GC invocations=18 (full 0):
 garbage-first heap   total 258048K, used 201149K [0x0000000600000000, 0x0000000800000000)
  region size 4096K, 37 young (151552K), 1 survivors (4096K)
 Metaspace       used 46886K, committed 47488K, reserved 1114112K
  class space    used 6200K, committed 6464K, reserved 1048576K
}
Event: 9.392 GC heap after
{Heap after GC invocations=19 (full 0):
 garbage-first heap   total 258048K, used 54389K [0x0000000600000000, 0x0000000800000000)
  region size 4096K, 2 young (8192K), 2 survivors (8192K)
 Metaspace       used 46886K, committed 47488K, reserved 1114112K
  class space    used 6200K, committed 6464K, reserved 1048576K
}
Event: 9.771 GC heap before
{Heap before GC invocations=19 (full 0):
 garbage-first heap   total 258048K, used 197749K [0x0000000600000000, 0x0000000800000000)
  region size 4096K, 37 young (151552K), 2 survivors (8192K)
 Metaspace       used 46886K, committed 47488K, reserved 1114112K
  class space    used 6200K, committed 6464K, reserved 1048576K
}
Event: 9.775 GC heap after
{Heap after GC invocations=20 (full 0):
 garbage-first heap   total 258048K, used 54901K [0x0000000600000000, 0x0000000800000000)
  region size 4096K, 2 young (8192K), 2 survivors (8192K)
 Metaspace       used 46886K, committed 47488K, reserved 1114112K
  class space    used 6200K, committed 6464K, reserved 1048576K
}
Event: 10.379 GC heap before
{Heap before GC invocations=20 (full 0):
 garbage-first heap   total 258048K, used 198261K [0x0000000600000000, 0x0000000800000000)
  region size 4096K, 37 young (151552K), 2 survivors (8192K)
 Metaspace       used 46918K, committed 47488K, reserved 1114112K
  class space    used 6207K, committed 6464K, reserved 1048576K
}
Event: 10.383 GC heap after
{Heap after GC invocations=21 (full 0):
 garbage-first heap   total 258048K, used 56053K [0x0000000600000000, 0x0000000800000000)
  region size 4096K, 2 young (8192K), 2 survivors (8192K)
 Metaspace       used 46918K, committed 47488K, reserved 1114112K
  class space    used 6207K, committed 6464K, reserved 1048576K
}
Event: 10.878 GC heap before
{Heap before GC invocations=21 (full 0):
 garbage-first heap   total 258048K, used 199413K [0x0000000600000000, 0x0000000800000000)
  region size 4096K, 37 young (151552K), 2 survivors (8192K)
 Metaspace       used 46926K, committed 47552K, reserved 1114112K
  class space    used 6207K, committed 6464K, reserved 1048576K
}
Event: 10.883 GC heap after
{Heap after GC invocations=22 (full 0):
 garbage-first heap   total 258048K, used 56921K [0x0000000600000000, 0x0000000800000000)
  region size 4096K, 2 young (8192K), 2 survivors (8192K)
 Metaspace       used 46926K, committed 47552K, reserved 1114112K
  class space    used 6207K, committed 6464K, reserved 1048576K
}
Event: 11.302 GC heap before
{Heap before GC invocations=22 (full 0):
 garbage-first heap   total 258048K, used 200281K [0x0000000600000000, 0x0000000800000000)
  region size 4096K, 37 young (151552K), 2 survivors (8192K)
 Metaspace       used 46960K, committed 47552K, reserved 1114112K
  class space    used 6214K, committed 6464K, reserved 1048576K
}
Event: 11.308 GC heap after
{Heap after GC invocations=23 (full 0):
 garbage-first heap   total 258048K, used 57784K [0x0000000600000000, 0x0000000800000000)
  region size 4096K, 2 young (8192K), 2 survivors (8192K)
 Metaspace       used 46960K, committed 47552K, reserved 1114112K
  class space    used 6214K, committed 6464K, reserved 1048576K
}
Event: 11.717 GC heap before
{Heap before GC invocations=23 (full 0):
 garbage-first heap   total 258048K, used 201144K [0x0000000600000000, 0x0000000800000000)
  region size 4096K, 37 young (151552K), 2 survivors (8192K)
 Metaspace       used 46969K, committed 47552K, reserved 1114112K
  class space    used 6214K, committed 6464K, reserved 1048576K
}
Event: 11.724 GC heap after
{Heap after GC invocations=24 (full 0):
 garbage-first heap   total 258048K, used 58631K [0x0000000600000000, 0x0000000800000000)
  region size 4096K, 3 young (12288K), 3 survivors (12288K)
 Metaspace       used 46969K, committed 47552K, reserved 1114112K
  class space    used 6214K, committed 6464K, reserved 1048576K
}
Event: 12.484 GC heap before
{Heap before GC invocations=24 (full 0):
 garbage-first heap   total 258048K, used 197895K [0x0000000600000000, 0x0000000800000000)
  region size 4096K, 37 young (151552K), 3 survivors (12288K)
 Metaspace       used 46970K, committed 47552K, reserved 1114112K
  class space    used 6214K, committed 6464K, reserved 1048576K
}
Event: 12.491 GC heap after
{Heap after GC invocations=25 (full 0):
 garbage-first heap   total 258048K, used 59783K [0x0000000600000000, 0x0000000800000000)
  region size 4096K, 3 young (12288K), 3 survivors (12288K)
 Metaspace       used 46970K, committed 47552K, reserved 1114112K
  class space    used 6214K, committed 6464K, reserved 1048576K
}
Event: 12.878 GC heap before
{Heap before GC invocations=25 (full 0):
 garbage-first heap   total 258048K, used 199047K [0x0000000600000000, 0x0000000800000000)
  region size 4096K, 37 young (151552K), 3 survivors (12288K)
 Metaspace       used 46970K, committed 47552K, reserved 1114112K
  class space    used 6214K, committed 6464K, reserved 1048576K
}
Event: 12.885 GC heap after
{Heap after GC invocations=26 (full 0):
 garbage-first heap   total 258048K, used 60565K [0x0000000600000000, 0x0000000800000000)
  region size 4096K, 3 young (12288K), 3 survivors (12288K)
 Metaspace       used 46970K, committed 47552K, reserved 1114112K
  class space    used 6214K, committed 6464K, reserved 1048576K
}

