# JRE version: OpenJDK Runtime Environment Temurin-17.0.16+8 (17.0.16+8) (build 17.0.16+8)
# Java VM: OpenJDK 64-Bit Server VM Temurin-17.0.16+8 (17.0.16+8, mixed mode, sharing, tiered, compressed oops, compressed class ptrs, g1 gc, windows-amd64)
GC Precious Log:
 CPUs: 20 total, 20 available
 Memory: 16197M
 Large Page Support: Disabled
 NUMA Support: Disabled
 Compressed Oops: Enabled (Zero based)
 Heap Region Size: 4M
 Heap Min Capacity: 8M
 Heap Initial Capacity: 256M
 Heap Max Capacity: 8G
 Pre-touch: Disabled
 Parallel Workers: 15
 Concurrent Workers: 4
 Concurrent Refinement Workers: 15
 Periodic GC: Disabled
Heap:
 garbage-first heap   total 167936K, used 129145K [0x0000000600000000, 0x0000000800000000)
  region size 4096K, 24 young (98304K), 1 survivors (4096K)
 Metaspace       used 43873K, committed 44416K, reserved 1114112K
  class space    used 5899K, committed 6144K, reserved 1048576K
GC Heap History (20 events):
Event: 5.309 GC heap before
{Heap before GC invocations=6 (full 0):
 garbage-first heap   total 110592K, used 30693K [0x0000000600000000, 0x0000000800000000)
  region size 4096K, 2 young (8192K), 1 survivors (4096K)
 Metaspace       used 28098K, committed 28480K, reserved 1114112K
  class space    used 4024K, committed 4224K, reserved 1048576K
}
Event: 5.313 GC heap after
{Heap after GC invocations=7 (full 0):
 garbage-first heap   total 110592K, used 26704K [0x0000000600000000, 0x0000000800000000)
  region size 4096K, 1 young (4096K), 1 survivors (4096K)
 Metaspace       used 28098K, committed 28480K, reserved 1114112K
  class space    used 4024K, committed 4224K, reserved 1048576K
}
Event: 6.004 GC heap before
{Heap before GC invocations=7 (full 0):
 garbage-first heap   total 110592K, used 75856K [0x0000000600000000, 0x0000000800000000)
  region size 4096K, 13 young (53248K), 1 survivors (4096K)
 Metaspace       used 30895K, committed 31232K, reserved 1114112K
  class space    used 4468K, committed 4608K, reserved 1048576K
}
Event: 6.010 GC heap after
{Heap after GC invocations=8 (full 0):
 garbage-first heap   total 110592K, used 30452K [0x0000000600000000, 0x0000000800000000)
  region size 4096K, 2 young (8192K), 2 survivors (8192K)
 Metaspace       used 30895K, committed 31232K, reserved 1114112K
  class space    used 4468K, committed 4608K, reserved 1048576K
}
Event: 7.245 GC heap before
{Heap before GC invocations=8 (full 0):
 garbage-first heap   total 110592K, used 75508K [0x0000000600000000, 0x0000000800000000)
  region size 4096K, 13 young (53248K), 2 survivors (8192K)
 Metaspace       used 33369K, committed 33792K, reserved 1114112K
  class space    used 4795K, committed 4992K, reserved 1048576K
}
Event: 7.250 GC heap after
{Heap after GC invocations=9 (full 0):
 garbage-first heap   total 110592K, used 32444K [0x0000000600000000, 0x0000000800000000)
  region size 4096K, 2 young (8192K), 2 survivors (8192K)
 Metaspace       used 33369K, committed 33792K, reserved 1114112K
  class space    used 4795K, committed 4992K, reserved 1048576K
}
Event: 7.707 GC heap before
{Heap before GC invocations=9 (full 0):
 garbage-first heap   total 110592K, used 44732K [0x0000000600000000, 0x0000000800000000)
  region size 4096K, 6 young (24576K), 2 survivors (8192K)
 Metaspace       used 35553K, committed 35968K, reserved 1114112K
  class space    used 5038K, committed 5248K, reserved 1048576K
}
Event: 7.711 GC heap after
{Heap after GC invocations=10 (full 0):
 garbage-first heap   total 110592K, used 34362K [0x0000000600000000, 0x0000000800000000)
  region size 4096K, 2 young (8192K), 2 survivors (8192K)
 Metaspace       used 35553K, committed 35968K, reserved 1114112K
  class space    used 5038K, committed 5248K, reserved 1048576K
}
Event: 8.466 GC heap before
{Heap before GC invocations=11 (full 0):
 garbage-first heap   total 110592K, used 71226K [0x0000000600000000, 0x0000000800000000)
  region size 4096K, 12 young (49152K), 2 survivors (8192K)
 Metaspace       used 41534K, committed 42048K, reserved 1114112K
  class space    used 5725K, committed 5952K, reserved 1048576K
}
Event: 8.472 GC heap after
{Heap after GC invocations=12 (full 0):
 garbage-first heap   total 167936K, used 37687K [0x0000000600000000, 0x0000000800000000)
  region size 4096K, 2 young (8192K), 2 survivors (8192K)
 Metaspace       used 41534K, committed 42048K, reserved 1114112K
  class space    used 5725K, committed 5952K, reserved 1048576K
}
Event: 8.518 GC heap before
{Heap before GC invocations=12 (full 0):
 garbage-first heap   total 167936K, used 37687K [0x0000000600000000, 0x0000000800000000)
  region size 4096K, 3 young (12288K), 2 survivors (8192K)
 Metaspace       used 41970K, committed 42496K, reserved 1114112K
  class space    used 5776K, committed 6016K, reserved 1048576K
}
Event: 8.524 GC heap after
{Heap after GC invocations=13 (full 0):
 garbage-first heap   total 167936K, used 38034K [0x0000000600000000, 0x0000000800000000)
  region size 4096K, 1 young (4096K), 1 survivors (4096K)
 Metaspace       used 41970K, committed 42496K, reserved 1114112K
  class space    used 5776K, committed 6016K, reserved 1048576K
}
Event: 8.943 GC heap before
{Heap before GC invocations=13 (full 0):
 garbage-first heap   total 167936K, used 119954K [0x0000000600000000, 0x0000000800000000)
  region size 4096K, 21 young (86016K), 1 survivors (4096K)
 Metaspace       used 43807K, committed 44352K, reserved 1114112K
  class space    used 5897K, committed 6144K, reserved 1048576K
}
Event: 8.946 GC heap after
{Heap after GC invocations=14 (full 0):
 garbage-first heap   total 167936K, used 37970K [0x0000000600000000, 0x0000000800000000)
  region size 4096K, 1 young (4096K), 1 survivors (4096K)
 Metaspace       used 43807K, committed 44352K, reserved 1114112K
  class space    used 5897K, committed 6144K, reserved 1048576K
}
Event: 9.241 GC heap before
{Heap before GC invocations=14 (full 0):
 garbage-first heap   total 167936K, used 123986K [0x0000000600000000, 0x0000000800000000)
  region size 4096K, 22 young (90112K), 1 survivors (4096K)
 Metaspace       used 43846K, committed 44416K, reserved 1114112K
  class space    used 5899K, committed 6144K, reserved 1048576K
}
Event: 9.244 GC heap after
{Heap after GC invocations=15 (full 0):
 garbage-first heap   total 167936K, used 38143K [0x0000000600000000, 0x0000000800000000)
  region size 4096K, 1 young (4096K), 1 survivors (4096K)
 Metaspace       used 43846K, committed 44416K, reserved 1114112K
  class space    used 5899K, committed 6144K, reserved 1048576K
}
Event: 9.498 GC heap before
{Heap before GC invocations=15 (full 0):
 garbage-first heap   total 167936K, used 124159K [0x0000000600000000, 0x0000000800000000)
  region size 4096K, 22 young (90112K), 1 survivors (4096K)
 Metaspace       used 43865K, committed 44416K, reserved 1114112K
  class space    used 5899K, committed 6144K, reserved 1048576K
}
Event: 9.501 GC heap after
{Heap after GC invocations=16 (full 0):
 garbage-first heap   total 167936K, used 38533K [0x0000000600000000, 0x0000000800000000)
  region size 4096K, 1 young (4096K), 1 survivors (4096K)
 Metaspace       used 43865K, committed 44416K, reserved 1114112K
  class space    used 5899K, committed 6144K, reserved 1048576K
}
Event: 9.773 GC heap before
{Heap before GC invocations=16 (full 0):
 garbage-first heap   total 167936K, used 128645K [0x0000000600000000, 0x0000000800000000)
  region size 4096K, 23 young (94208K), 1 survivors (4096K)
 Metaspace       used 43872K, committed 44416K, reserved 1114112K
  class space    used 5899K, committed 6144K, reserved 1048576K
}
Event: 9.776 GC heap after
{Heap after GC invocations=17 (full 0):
 garbage-first heap   total 167936K, used 39033K [0x0000000600000000, 0x0000000800000000)
  region size 4096K, 1 young (4096K), 1 survivors (4096K)
 Metaspace       used 43872K, committed 44416K, reserved 1114112K
  class space    used 5899K, committed 6144K, reserved 1048576K
}

