# JRE version: OpenJDK Runtime Environment Temurin-21.0.10+7 (21.0.10+7) (build 21.0.10+7-LTS)
# Java VM: OpenJDK 64-Bit Server VM Temurin-21.0.10+7 (21.0.10+7-LTS, mixed mode, sharing, tiered, compressed oops, compressed class ptrs, g1 gc, windows-amd64)
GC Precious Log:
 CardTable entry size: 512
 Card Set container configuration: InlinePtr #cards 4 size 8 Array Of Cards #cards 32 size 80 Howl #buckets 8 coarsen threshold 7372 Howl Bitmap #cards 1024 size 144 coarsen threshold 921 Card regions per heap region 1 cards per card region 8192
 CPUs: 20 total, 20 available
 Memory: 16197M
 Large Page Support: Disabled
 NUMA Support: Disabled
 Compressed Oops: Enabled (Zero based)
 Heap Region Size: 4M
 Heap Min Capacity: 8M
 Heap Initial Capacity: 256M
 Heap Max Capacity: 8G
 Pre-touch: Disabled
 Parallel Workers: 15
 Concurrent Workers: 4
 Concurrent Refinement Workers: 15
 Periodic GC: Disabled
Heap:
 garbage-first heap   total 196608K, used 48863K [0x0000000600000000, 0x0000000800000000)
  region size 4096K, 3 young (12288K), 3 survivors (12288K)
 Metaspace       used 35029K, committed 36032K, reserved 1114112K
  class space    used 4842K, committed 5312K, reserved 1048576K
GC Heap History (20 events):
Event: 9.339 GC heap after
{Heap after GC invocations=25 (full 0):
 garbage-first heap   total 253952K, used 41066K [0x0000000600000000, 0x0000000800000000)
  region size 4096K, 3 young (12288K), 3 survivors (12288K)
 Metaspace       used 34999K, committed 35968K, reserved 1114112K
  class space    used 4834K, committed 5312K, reserved 1048576K
}
Event: 9.539 GC heap before
{Heap before GC invocations=25 (full 0):
 garbage-first heap   total 253952K, used 180330K [0x0000000600000000, 0x0000000800000000)
  region size 4096K, 37 young (151552K), 3 survivors (12288K)
 Metaspace       used 34999K, committed 35968K, reserved 1114112K
  class space    used 4834K, committed 5312K, reserved 1048576K
}
Event: 9.545 GC heap after
{Heap after GC invocations=26 (full 0):
 garbage-first heap   total 253952K, used 41705K [0x0000000600000000, 0x0000000800000000)
  region size 4096K, 3 young (12288K), 3 survivors (12288K)
 Metaspace       used 34999K, committed 35968K, reserved 1114112K
  class space    used 4834K, committed 5312K, reserved 1048576K
}
Event: 9.708 GC heap before
{Heap before GC invocations=26 (full 0):
 garbage-first heap   total 253952K, used 180969K [0x0000000600000000, 0x0000000800000000)
  region size 4096K, 37 young (151552K), 3 survivors (12288K)
 Metaspace       used 35001K, committed 35968K, reserved 1114112K
  class space    used 4834K, committed 5312K, reserved 1048576K
}
Event: 9.715 GC heap after
{Heap after GC invocations=27 (full 0):
 garbage-first heap   total 315392K, used 43384K [0x0000000600000000, 0x0000000800000000)
  region size 4096K, 3 young (12288K), 3 survivors (12288K)
 Metaspace       used 35001K, committed 35968K, reserved 1114112K
  class space    used 4834K, committed 5312K, reserved 1048576K
}
Event: 10.087 GC heap before
{Heap before GC invocations=27 (full 0):
 garbage-first heap   total 315392K, used 219512K [0x0000000600000000, 0x0000000800000000)
  region size 4096K, 46 young (188416K), 3 survivors (12288K)
 Metaspace       used 35003K, committed 35968K, reserved 1114112K
  class space    used 4834K, committed 5312K, reserved 1048576K
}
Event: 10.094 GC heap after
{Heap after GC invocations=28 (full 0):
 garbage-first heap   total 315392K, used 43976K [0x0000000600000000, 0x0000000800000000)
  region size 4096K, 3 young (12288K), 3 survivors (12288K)
 Metaspace       used 35003K, committed 35968K, reserved 1114112K
  class space    used 4834K, committed 5312K, reserved 1048576K
}
Event: 10.481 GC heap before
{Heap before GC invocations=28 (full 0):
 garbage-first heap   total 315392K, used 199624K [0x0000000600000000, 0x0000000800000000)
  region size 4096K, 42 young (172032K), 3 survivors (12288K)
 Metaspace       used 35008K, committed 35968K, reserved 1114112K
  class space    used 4834K, committed 5312K, reserved 1048576K
}
Event: 10.489 GC heap after
{Heap after GC invocations=29 (full 0):
 garbage-first heap   total 315392K, used 45005K [0x0000000600000000, 0x0000000800000000)
  region size 4096K, 3 young (12288K), 3 survivors (12288K)
 Metaspace       used 35008K, committed 35968K, reserved 1114112K
  class space    used 4834K, committed 5312K, reserved 1048576K
}
Event: 10.805 GC heap before
{Heap before GC invocations=30 (full 0):
 garbage-first heap   total 163840K, used 131021K [0x0000000600000000, 0x0000000800000000)
  region size 4096K, 24 young (98304K), 3 survivors (12288K)
 Metaspace       used 35010K, committed 36032K, reserved 1114112K
  class space    used 4834K, committed 5312K, reserved 1048576K
}
Event: 10.813 GC heap after
{Heap after GC invocations=31 (full 0):
 garbage-first heap   total 163840K, used 45943K [0x0000000600000000, 0x0000000800000000)
  region size 4096K, 2 young (8192K), 2 survivors (8192K)
 Metaspace       used 35010K, committed 36032K, reserved 1114112K
  class space    used 4834K, committed 5312K, reserved 1048576K
}
Event: 11.193 GC heap before
{Heap before GC invocations=31 (full 0):
 garbage-first heap   total 163840K, used 136055K [0x0000000600000000, 0x0000000800000000)
  region size 4096K, 24 young (98304K), 2 survivors (8192K)
 Metaspace       used 35010K, committed 36032K, reserved 1114112K
  class space    used 4834K, committed 5312K, reserved 1048576K
}
Event: 11.200 GC heap after
{Heap after GC invocations=32 (full 0):
 garbage-first heap   total 196608K, used 46513K [0x0000000600000000, 0x0000000800000000)
  region size 4096K, 2 young (8192K), 2 survivors (8192K)
 Metaspace       used 35010K, committed 36032K, reserved 1114112K
  class space    used 4834K, committed 5312K, reserved 1048576K
}
Event: 11.393 GC heap before
{Heap before GC invocations=32 (full 0):
 garbage-first heap   total 196608K, used 153009K [0x0000000600000000, 0x0000000800000000)
  region size 4096K, 28 young (114688K), 2 survivors (8192K)
 Metaspace       used 35010K, committed 36032K, reserved 1114112K
  class space    used 4834K, committed 5312K, reserved 1048576K
}
Event: 11.398 GC heap after
{Heap after GC invocations=33 (full 0):
 garbage-first heap   total 196608K, used 46980K [0x0000000600000000, 0x0000000800000000)
  region size 4096K, 2 young (8192K), 2 survivors (8192K)
 Metaspace       used 35010K, committed 36032K, reserved 1114112K
  class space    used 4834K, committed 5312K, reserved 1048576K
}
Event: 11.559 GC heap before
{Heap before GC invocations=33 (full 0):
 garbage-first heap   total 196608K, used 153476K [0x0000000600000000, 0x0000000800000000)
  region size 4096K, 28 young (114688K), 2 survivors (8192K)
 Metaspace       used 35029K, committed 36032K, reserved 1114112K
  class space    used 4842K, committed 5312K, reserved 1048576K
}
Event: 11.565 GC heap after
{Heap after GC invocations=34 (full 0):
 garbage-first heap   total 196608K, used 47739K [0x0000000600000000, 0x0000000800000000)
  region size 4096K, 3 young (12288K), 3 survivors (12288K)
 Metaspace       used 35029K, committed 36032K, reserved 1114112K
  class space    used 4842K, committed 5312K, reserved 1048576K
}
Event: 11.716 GC heap before
{Heap before GC invocations=34 (full 0):
 garbage-first heap   total 196608K, used 150139K [0x0000000600000000, 0x0000000800000000)
  region size 4096K, 28 young (114688K), 3 survivors (12288K)
 Metaspace       used 35029K, committed 36032K, reserved 1114112K
  class space    used 4842K, committed 5312K, reserved 1048576K
}
Event: 11.722 GC heap after
{Heap after GC invocations=35 (full 0):
 garbage-first heap   total 196608K, used 48223K [0x0000000600000000, 0x0000000800000000)
  region size 4096K, 3 young (12288K), 3 survivors (12288K)
 Metaspace       used 35029K, committed 36032K, reserved 1114112K
  class space    used 4842K, committed 5312K, reserved 1048576K
}
Event: 11.895 GC heap before
{Heap before GC invocations=35 (full 0):
 garbage-first heap   total 196608K, used 146527K [0x0000000600000000, 0x0000000800000000)
  region size 4096K, 28 young (114688K), 3 survivors (12288K)
 Metaspace       used 35029K, committed 36032K, reserved 1114112K
  class space    used 4842K, committed 5312K, reserved 1048576K
}

